14:33:00: XMLMeshSerializer reading mesh data from C:\Users\kevin\Downloads\angry-bird\source\angry_bird.mesh.xml...
14:33:00: Reading geometry...
14:33:00: Geometry done...
14:33:00: Reading submeshes...
14:33:00: Submeshes done.
14:33:00: Reading mesh names...
14:33:00: Mesh names done.
14:33:00: XMLMeshSerializer import successful.
14:33:00: MeshSerializer writing mesh data to stream C:\Users\kevin\Downloads\angry-bird\source\angry_bird.mesh...
14:33:00: File header written.
14:33:00: Writing mesh data...
14:33:00: Writing submesh...
14:33:00: Submesh exported.
14:33:00: Writing submesh...
14:33:00: Submesh exported.
14:33:00: Writing submesh...
14:33:00: Submesh exported.
14:33:00: Writing submesh...
14:33:00: Submesh exported.
14:33:00: Writing submesh...
14:33:00: Submesh exported.
14:33:00: Exporting bounds information....
14:33:00: Bounds information exported.
14:33:00: Exporting submesh name table...
14:33:00: Submesh name table exported.
14:33:00: Mesh data exported.
14:33:00: MeshSerializer export successful.
